\BOOKMARK [1][-]{section.1}{Problema de Regresi\363n}{}% 1
\BOOKMARK [2][-]{subsection.1.1}{Descripci\363n del problema}{section.1}% 2
\BOOKMARK [2][-]{subsection.1.2}{Generaci\363n de conjuntos de entrenamiento, validaci\363n y test}{section.1}% 3
\BOOKMARK [2][-]{subsection.1.3}{Visualizaci\363n del conjunto de entrenamiento}{section.1}% 4
\BOOKMARK [2][-]{subsection.1.4}{Preprocesado de los datos}{section.1}% 5
\BOOKMARK [2][-]{subsection.1.5}{Modelo lineal}{section.1}% 6
\BOOKMARK [3][-]{subsubsection.1.5.1}{Regularizaci\363n}{subsection.1.5}% 7
\BOOKMARK [2][-]{subsection.1.6}{Modelo no lineal usado para comparar}{section.1}% 8
\BOOKMARK [2][-]{subsection.1.7}{M\351tricas de error a usar}{section.1}% 9
\BOOKMARK [2][-]{subsection.1.8}{Estimaci\363n de hiperpar\341metros y selecci\363n de la mejor hip\363tesis}{section.1}% 10
\BOOKMARK [2][-]{subsection.1.9}{Obtenci\363n de la hip\363tesis final y estimaci\363n de Eout}{section.1}% 11
\BOOKMARK [3][-]{subsubsection.1.9.1}{Comparaci\363n con el modelo no lineal}{subsection.1.9}% 12
\BOOKMARK [1][-]{section.2}{Problema de Clasificaci\363n}{}% 13
\BOOKMARK [2][-]{subsection.2.1}{Descripci\363n del problema}{section.2}% 14
\BOOKMARK [2][-]{subsection.2.2}{Generaci\363n de conjuntos de entrenamiento, validaci\363n y test}{section.2}% 15
\BOOKMARK [2][-]{subsection.2.3}{Visualizaci\363n del conjunto de entrenamiento}{section.2}% 16
\BOOKMARK [2][-]{subsection.2.4}{Preprocesado de los datos}{section.2}% 17
\BOOKMARK [2][-]{subsection.2.5}{Modelo lineal}{section.2}% 18
\BOOKMARK [3][-]{subsubsection.2.5.1}{Regularizaci\363n}{subsection.2.5}% 19
\BOOKMARK [2][-]{subsection.2.6}{Modelo no lineal usado para comparar}{section.2}% 20
\BOOKMARK [2][-]{subsection.2.7}{M\351tricas de error a usar}{section.2}% 21
\BOOKMARK [2][-]{subsection.2.8}{Estimaci\363n de hiperpar\341metros y selecci\363n de la mejor hip\363tesis}{section.2}% 22
\BOOKMARK [2][-]{subsection.2.9}{Obtenci\363n de la hip\363tesis final y estimaci\363n de Eout}{section.2}% 23
\BOOKMARK [3][-]{subsubsection.2.9.1}{Comparaci\363n con el modelo no lineal}{subsection.2.9}% 24
